# JRE version: OpenJDK Runtime Environment (8.0_202-b03) (build 1.8.0_202-release-1483-b03)
# Java VM: OpenJDK 64-Bit Server VM (25.202-b03 mixed mode windows-amd64 compressed oops)
Heap:
 PSYoungGen      total 115712K, used 46206K [0x00000000f5580000, 0x00000000ffc00000, 0x0000000100000000)
  eden space 58880K, 68% used [0x00000000f5580000,0x00000000f7cdf998,0x00000000f8f00000)
  from space 56832K, 10% used [0x00000000f8f00000,0x00000000f94c0030,0x00000000fc680000)
  to   space 54272K, 0% used [0x00000000fc700000,0x00000000fc700000,0x00000000ffc00000)
 ParOldGen       total 276480K, used 217004K [0x00000000e0000000, 0x00000000f0e00000, 0x00000000f5580000)
  object space 276480K, 78% used [0x00000000e0000000,0x00000000ed3eb2a0,0x00000000f0e00000)
 Metaspace       used 79971K, capacity 83956K, committed 84184K, reserved 1122304K
  class space    used 10688K, capacity 11431K, committed 11520K, reserved 1048576K
GC Heap History (10 events):
Event: 205.142 GC heap before
{Heap before GC invocations=24 (full 3):
 PSYoungGen      total 116736K, used 60955K [0x00000000f5580000, 0x0000000100000000, 0x0000000100000000)
  eden space 58880K, 100% used [0x00000000f5580000,0x00000000f8f00000,0x00000000f8f00000)
  from space 57856K, 3% used [0x00000000fc780000,0x00000000fc986db0,0x0000000100000000)
  to   space 57856K, 0% used [0x00000000f8f00000,0x00000000f8f00000,0x00000000fc780000)
 ParOldGen       total 276480K, used 205772K [0x00000000e0000000, 0x00000000f0e00000, 0x00000000f5580000)
  object space 276480K, 74% used [0x00000000e0000000,0x00000000ec8f33f0,0x00000000f0e00000)
 Metaspace       used 79189K, capacity 83118K, committed 83416K, reserved 1122304K
  class space    used 10669K, capacity 11402K, committed 11520K, reserved 1048576K
Event: 205.148 GC heap after
Heap after GC invocations=24 (full 3):
 PSYoungGen      total 116736K, used 6265K [0x00000000f5580000, 0x0000000100000000, 0x0000000100000000)
  eden space 58880K, 0% used [0x00000000f5580000,0x00000000f5580000,0x00000000f8f00000)
  from space 57856K, 10% used [0x00000000f8f00000,0x00000000f951e7c0,0x00000000fc780000)
  to   space 57856K, 0% used [0x00000000fc780000,0x00000000fc780000,0x0000000100000000)
 ParOldGen       total 276480K, used 206940K [0x00000000e0000000, 0x00000000f0e00000, 0x00000000f5580000)
  object space 276480K, 74% used [0x00000000e0000000,0x00000000eca17038,0x00000000f0e00000)
 Metaspace       used 79189K, capacity 83118K, committed 83416K, reserved 1122304K
  class space    used 10669K, capacity 11402K, committed 11520K, reserved 1048576K
}
Event: 205.469 GC heap before
{Heap before GC invocations=25 (full 3):
 PSYoungGen      total 116736K, used 65143K [0x00000000f5580000, 0x0000000100000000, 0x0000000100000000)
  eden space 58880K, 99% used [0x00000000f5580000,0x00000000f8eff770,0x00000000f8f00000)
  from space 57856K, 10% used [0x00000000f8f00000,0x00000000f951e7c0,0x00000000fc780000)
  to   space 57856K, 0% used [0x00000000fc780000,0x00000000fc780000,0x0000000100000000)
 ParOldGen       total 276480K, used 206940K [0x00000000e0000000, 0x00000000f0e00000, 0x00000000f5580000)
  object space 276480K, 74% used [0x00000000e0000000,0x00000000eca17038,0x00000000f0e00000)
 Metaspace       used 79459K, capacity 83432K, committed 83672K, reserved 1122304K
  class space    used 10673K, capacity 11409K, committed 11520K, reserved 1048576K
Event: 205.476 GC heap after
Heap after GC invocations=25 (full 3):
 PSYoungGen      total 116736K, used 6656K [0x00000000f5580000, 0x0000000100000000, 0x0000000100000000)
  eden space 58880K, 0% used [0x00000000f5580000,0x00000000f5580000,0x00000000f8f00000)
  from space 57856K, 11% used [0x00000000fc780000,0x00000000fce00010,0x0000000100000000)
  to   space 57856K, 0% used [0x00000000f8f00000,0x00000000f8f00000,0x00000000fc780000)
 ParOldGen       total 276480K, used 210077K [0x00000000e0000000, 0x00000000f0e00000, 0x00000000f5580000)
  object space 276480K, 75% used [0x00000000e0000000,0x00000000ecd27500,0x00000000f0e00000)
 Metaspace       used 79459K, capacity 83432K, committed 83672K, reserved 1122304K
  class space    used 10673K, capacity 11409K, committed 11520K, reserved 1048576K
}
Event: 205.790 GC heap before
{Heap before GC invocations=26 (full 3):
 PSYoungGen      total 116736K, used 65536K [0x00000000f5580000, 0x0000000100000000, 0x0000000100000000)
  eden space 58880K, 100% used [0x00000000f5580000,0x00000000f8f00000,0x00000000f8f00000)
  from space 57856K, 11% used [0x00000000fc780000,0x00000000fce00010,0x0000000100000000)
  to   space 57856K, 0% used [0x00000000f8f00000,0x00000000f8f00000,0x00000000fc780000)
 ParOldGen       total 276480K, used 210077K [0x00000000e0000000, 0x00000000f0e00000, 0x00000000f5580000)
  object space 276480K, 75% used [0x00000000e0000000,0x00000000ecd27500,0x00000000f0e00000)
 Metaspace       used 79471K, capacity 83496K, committed 83672K, reserved 1122304K
  class space    used 10674K, capacity 11409K, committed 11520K, reserved 1048576K
Event: 205.796 GC heap after
Heap after GC invocations=26 (full 3):
 PSYoungGen      total 116736K, used 1344K [0x00000000f5580000, 0x0000000100000000, 0x0000000100000000)
  eden space 58880K, 0% used [0x00000000f5580000,0x00000000f5580000,0x00000000f8f00000)
  from space 57856K, 2% used [0x00000000f8f00000,0x00000000f9050000,0x00000000fc780000)
  to   space 57856K, 0% used [0x00000000fc780000,0x00000000fc780000,0x0000000100000000)
 ParOldGen       total 276480K, used 216092K [0x00000000e0000000, 0x00000000f0e00000, 0x00000000f5580000)
  object space 276480K, 78% used [0x00000000e0000000,0x00000000ed3073f0,0x00000000f0e00000)
 Metaspace       used 79471K, capacity 83496K, committed 83672K, reserved 1122304K
  class space    used 10674K, capacity 11409K, committed 11520K, reserved 1048576K
}
Event: 206.183 GC heap before
{Heap before GC invocations=27 (full 3):
 PSYoungGen      total 116736K, used 60224K [0x00000000f5580000, 0x0000000100000000, 0x0000000100000000)
  eden space 58880K, 100% used [0x00000000f5580000,0x00000000f8f00000,0x00000000f8f00000)
  from space 57856K, 2% used [0x00000000f8f00000,0x00000000f9050000,0x00000000fc780000)
  to   space 57856K, 0% used [0x00000000fc780000,0x00000000fc780000,0x0000000100000000)
 ParOldGen       total 276480K, used 216092K [0x00000000e0000000, 0x00000000f0e00000, 0x00000000f5580000)
  object space 276480K, 78% used [0x00000000e0000000,0x00000000ed3073f0,0x00000000f0e00000)
 Metaspace       used 79519K, capacity 83502K, committed 83672K, reserved 1122304K
  class space    used 10674K, capacity 11410K, committed 11520K, reserved 1048576K
Event: 206.188 GC heap after
Heap after GC invocations=27 (full 3):
 PSYoungGen      total 114688K, used 1312K [0x00000000f5580000, 0x00000000ffe00000, 0x0000000100000000)
  eden space 58880K, 0% used [0x00000000f5580000,0x00000000f5580000,0x00000000f8f00000)
  from space 55808K, 2% used [0x00000000fc780000,0x00000000fc8c8000,0x00000000ffe00000)
  to   space 56832K, 0% used [0x00000000f8f00000,0x00000000f8f00000,0x00000000fc680000)
 ParOldGen       total 276480K, used 216996K [0x00000000e0000000, 0x00000000f0e00000, 0x00000000f5580000)
  object space 276480K, 78% used [0x00000000e0000000,0x00000000ed3e92a0,0x00000000f0e00000)
 Metaspace       used 79519K, capacity 83502K, committed 83672K, reserved 1122304K
  class space    used 10674K, capacity 11410K, committed 11520K, reserved 1048576K
}
Event: 338.761 GC heap before
{Heap before GC invocations=28 (full 3):
 PSYoungGen      total 114688K, used 60192K [0x00000000f5580000, 0x00000000ffe00000, 0x0000000100000000)
  eden space 58880K, 100% used [0x00000000f5580000,0x00000000f8f00000,0x00000000f8f00000)
  from space 55808K, 2% used [0x00000000fc780000,0x00000000fc8c8000,0x00000000ffe00000)
  to   space 56832K, 0% used [0x00000000f8f00000,0x00000000f8f00000,0x00000000fc680000)
 ParOldGen       total 276480K, used 216996K [0x00000000e0000000, 0x00000000f0e00000, 0x00000000f5580000)
  object space 276480K, 78% used [0x00000000e0000000,0x00000000ed3e92a0,0x00000000f0e00000)
 Metaspace       used 79914K, capacity 83938K, committed 84184K, reserved 1122304K
  class space    used 10686K, capacity 11428K, committed 11520K, reserved 1048576K
Event: 338.766 GC heap after
Heap after GC invocations=28 (full 3):
 PSYoungGen      total 115712K, used 5888K [0x00000000f5580000, 0x00000000ffc00000, 0x0000000100000000)
  eden space 58880K, 0% used [0x00000000f5580000,0x00000000f5580000,0x00000000f8f00000)
  from space 56832K, 10% used [0x00000000f8f00000,0x00000000f94c0030,0x00000000fc680000)
  to   space 54272K, 0% used [0x00000000fc700000,0x00000000fc700000,0x00000000ffc00000)
 ParOldGen       total 276480K, used 217004K [0x00000000e0000000, 0x00000000f0e00000, 0x00000000f5580000)
  object space 276480K, 78% used [0x00000000e0000000,0x00000000ed3eb2a0,0x00000000f0e00000)
 Metaspace       used 79914K, capacity 83938K, committed 84184K, reserved 1122304K
  class space    used 10686K, capacity 11428K, committed 11520K, reserved 1048576K
}

