# JRE version: OpenJDK Runtime Environment (8.0_202-b03) (build 1.8.0_202-release-1483-b03)
# Java VM: OpenJDK 64-Bit Server VM (25.202-b03 mixed mode windows-amd64 compressed oops)
Heap:
 PSYoungGen      total 116736K, used 71369K [0x00000000f5580000, 0x0000000100000000, 0x0000000100000000)
  eden space 58880K, 59% used [0x00000000f5580000,0x00000000f77d8e98,0x00000000f8f00000)
  from space 57856K, 62% used [0x00000000f8f00000,0x00000000fb25b708,0x00000000fc780000)
  to   space 57856K, 0% used [0x00000000fc780000,0x00000000fc780000,0x0000000100000000)
 ParOldGen       total 283136K, used 110418K [0x00000000e0000000, 0x00000000f1480000, 0x00000000f5580000)
  object space 283136K, 38% used [0x00000000e0000000,0x00000000e6bd4808,0x00000000f1480000)
 Metaspace       used 110554K, capacity 116014K, committed 116184K, reserved 1150976K
  class space    used 14252K, capacity 15303K, committed 15360K, reserved 1048576K
GC Heap History (10 events):
Event: 5310.353 GC heap before
{Heap before GC invocations=37 (full 4):
 PSYoungGen      total 116736K, used 112254K [0x00000000f5580000, 0x0000000100000000, 0x0000000100000000)
  eden space 58880K, 100% used [0x00000000f5580000,0x00000000f8f00000,0x00000000f8f00000)
  from space 57856K, 92% used [0x00000000fc780000,0x00000000ffb9fb58,0x0000000100000000)
  to   space 57856K, 0% used [0x00000000f8f00000,0x00000000f8f00000,0x00000000fc780000)
 ParOldGen       total 283136K, used 75781K [0x00000000e0000000, 0x00000000f1480000, 0x00000000f5580000)
  object space 283136K, 26% used [0x00000000e0000000,0x00000000e4a017c0,0x00000000f1480000)
 Metaspace       used 105787K, capacity 111176K, committed 111320K, reserved 1146880K
  class space    used 13707K, capacity 14746K, committed 14848K, reserved 1048576K
Event: 5310.373 GC heap after
Heap after GC invocations=37 (full 4):
 PSYoungGen      total 116736K, used 57853K [0x00000000f5580000, 0x0000000100000000, 0x0000000100000000)
  eden space 58880K, 0% used [0x00000000f5580000,0x00000000f5580000,0x00000000f8f00000)
  from space 57856K, 99% used [0x00000000f8f00000,0x00000000fc77f530,0x00000000fc780000)
  to   space 57856K, 0% used [0x00000000fc780000,0x00000000fc780000,0x0000000100000000)
 ParOldGen       total 283136K, used 79229K [0x00000000e0000000, 0x00000000f1480000, 0x00000000f5580000)
  object space 283136K, 27% used [0x00000000e0000000,0x00000000e4d5f7c0,0x00000000f1480000)
 Metaspace       used 105787K, capacity 111176K, committed 111320K, reserved 1146880K
  class space    used 13707K, capacity 14746K, committed 14848K, reserved 1048576K
}
Event: 5310.438 GC heap before
{Heap before GC invocations=38 (full 4):
 PSYoungGen      total 116736K, used 116733K [0x00000000f5580000, 0x0000000100000000, 0x0000000100000000)
  eden space 58880K, 100% used [0x00000000f5580000,0x00000000f8f00000,0x00000000f8f00000)
  from space 57856K, 99% used [0x00000000f8f00000,0x00000000fc77f530,0x00000000fc780000)
  to   space 57856K, 0% used [0x00000000fc780000,0x00000000fc780000,0x0000000100000000)
 ParOldGen       total 283136K, used 79229K [0x00000000e0000000, 0x00000000f1480000, 0x00000000f5580000)
  object space 283136K, 27% used [0x00000000e0000000,0x00000000e4d5f7c0,0x00000000f1480000)
 Metaspace       used 106564K, capacity 111906K, committed 112088K, reserved 1146880K
  class space    used 13780K, capacity 14815K, committed 14848K, reserved 1048576K
Event: 5310.460 GC heap after
Heap after GC invocations=38 (full 4):
 PSYoungGen      total 116736K, used 57817K [0x00000000f5580000, 0x0000000100000000, 0x0000000100000000)
  eden space 58880K, 0% used [0x00000000f5580000,0x00000000f5580000,0x00000000f8f00000)
  from space 57856K, 99% used [0x00000000fc780000,0x00000000ffff6480,0x0000000100000000)
  to   space 57856K, 0% used [0x00000000f8f00000,0x00000000f8f00000,0x00000000fc780000)
 ParOldGen       total 283136K, used 83969K [0x00000000e0000000, 0x00000000f1480000, 0x00000000f5580000)
  object space 283136K, 29% used [0x00000000e0000000,0x00000000e5200698,0x00000000f1480000)
 Metaspace       used 106564K, capacity 111906K, committed 112088K, reserved 1146880K
  class space    used 13780K, capacity 14815K, committed 14848K, reserved 1048576K
}
Event: 5310.634 GC heap before
{Heap before GC invocations=39 (full 4):
 PSYoungGen      total 116736K, used 116697K [0x00000000f5580000, 0x0000000100000000, 0x0000000100000000)
  eden space 58880K, 100% used [0x00000000f5580000,0x00000000f8f00000,0x00000000f8f00000)
  from space 57856K, 99% used [0x00000000fc780000,0x00000000ffff6480,0x0000000100000000)
  to   space 57856K, 0% used [0x00000000f8f00000,0x00000000f8f00000,0x00000000fc780000)
 ParOldGen       total 283136K, used 83988K [0x00000000e0000000, 0x00000000f1480000, 0x00000000f5580000)
  object space 283136K, 29% used [0x00000000e0000000,0x00000000e5205010,0x00000000f1480000)
 Metaspace       used 108064K, capacity 113482K, committed 113880K, reserved 1148928K
  class space    used 13934K, capacity 14977K, committed 15104K, reserved 1048576K
Event: 5310.657 GC heap after
Heap after GC invocations=39 (full 4):
 PSYoungGen      total 116736K, used 47765K [0x00000000f5580000, 0x0000000100000000, 0x0000000100000000)
  eden space 58880K, 0% used [0x00000000f5580000,0x00000000f5580000,0x00000000f8f00000)
  from space 57856K, 82% used [0x00000000f8f00000,0x00000000fbda5570,0x00000000fc780000)
  to   space 57856K, 0% used [0x00000000fc780000,0x00000000fc780000,0x0000000100000000)
 ParOldGen       total 283136K, used 100053K [0x00000000e0000000, 0x00000000f1480000, 0x00000000f5580000)
  object space 283136K, 35% used [0x00000000e0000000,0x00000000e61b55b8,0x00000000f1480000)
 Metaspace       used 108064K, capacity 113482K, committed 113880K, reserved 1148928K
  class space    used 13934K, capacity 14977K, committed 15104K, reserved 1048576K
}
Event: 5311.234 GC heap before
{Heap before GC invocations=40 (full 4):
 PSYoungGen      total 116736K, used 106645K [0x00000000f5580000, 0x0000000100000000, 0x0000000100000000)
  eden space 58880K, 100% used [0x00000000f5580000,0x00000000f8f00000,0x00000000f8f00000)
  from space 57856K, 82% used [0x00000000f8f00000,0x00000000fbda5570,0x00000000fc780000)
  to   space 57856K, 0% used [0x00000000fc780000,0x00000000fc780000,0x0000000100000000)
 ParOldGen       total 283136K, used 100109K [0x00000000e0000000, 0x00000000f1480000, 0x00000000f5580000)
  object space 283136K, 35% used [0x00000000e0000000,0x00000000e61c36d0,0x00000000f1480000)
 Metaspace       used 110174K, capacity 115612K, committed 115928K, reserved 1150976K
  class space    used 14197K, capacity 15236K, committed 15360K, reserved 1048576K
Event: 5311.249 GC heap after
Heap after GC invocations=40 (full 4):
 PSYoungGen      total 116736K, used 40148K [0x00000000f5580000, 0x0000000100000000, 0x0000000100000000)
  eden space 58880K, 0% used [0x00000000f5580000,0x00000000f5580000,0x00000000f8f00000)
  from space 57856K, 69% used [0x00000000fc780000,0x00000000feeb5020,0x0000000100000000)
  to   space 57856K, 0% used [0x00000000f8f00000,0x00000000f8f00000,0x00000000fc780000)
 ParOldGen       total 283136K, used 106349K [0x00000000e0000000, 0x00000000f1480000, 0x00000000f5580000)
  object space 283136K, 37% used [0x00000000e0000000,0x00000000e67db7c0,0x00000000f1480000)
 Metaspace       used 110174K, capacity 115612K, committed 115928K, reserved 1150976K
  class space    used 14197K, capacity 15236K, committed 15360K, reserved 1048576K
}
Event: 5311.637 GC heap before
{Heap before GC invocations=41 (full 4):
 PSYoungGen      total 116736K, used 99028K [0x00000000f5580000, 0x0000000100000000, 0x0000000100000000)
  eden space 58880K, 100% used [0x00000000f5580000,0x00000000f8f00000,0x00000000f8f00000)
  from space 57856K, 69% used [0x00000000fc780000,0x00000000feeb5020,0x0000000100000000)
  to   space 57856K, 0% used [0x00000000f8f00000,0x00000000f8f00000,0x00000000fc780000)
 ParOldGen       total 283136K, used 106349K [0x00000000e0000000, 0x00000000f1480000, 0x00000000f5580000)
  object space 283136K, 37% used [0x00000000e0000000,0x00000000e67db7c0,0x00000000f1480000)
 Metaspace       used 110541K, capacity 115950K, committed 116184K, reserved 1150976K
  class space    used 14252K, capacity 15303K, committed 15360K, reserved 1048576K
Event: 5311.654 GC heap after
Heap after GC invocations=41 (full 4):
 PSYoungGen      total 116736K, used 36205K [0x00000000f5580000, 0x0000000100000000, 0x0000000100000000)
  eden space 58880K, 0% used [0x00000000f5580000,0x00000000f5580000,0x00000000f8f00000)
  from space 57856K, 62% used [0x00000000f8f00000,0x00000000fb25b708,0x00000000fc780000)
  to   space 57856K, 0% used [0x00000000fc780000,0x00000000fc780000,0x0000000100000000)
 ParOldGen       total 283136K, used 110418K [0x00000000e0000000, 0x00000000f1480000, 0x00000000f5580000)
  object space 283136K, 38% used [0x00000000e0000000,0x00000000e6bd4808,0x00000000f1480000)
 Metaspace       used 110541K, capacity 115950K, committed 116184K, reserved 1150976K
  class space    used 14252K, capacity 15303K, committed 15360K, reserved 1048576K
}

