# JRE version: OpenJDK Runtime Environment (8.0_202-b03) (build 1.8.0_202-release-1483-b03)
# Java VM: OpenJDK 64-Bit Server VM (25.202-b03 mixed mode windows-amd64 compressed oops)
Heap:
 PSYoungGen      total 139264K, used 18411K [0x00000000f5580000, 0x0000000100000000, 0x0000000100000000)
  eden space 103936K, 2% used [0x00000000f5580000,0x00000000f586d9a0,0x00000000fbb00000)
  from space 35328K, 43% used [0x00000000fbb00000,0x00000000fca0d3c8,0x00000000fdd80000)
  to   space 33792K, 0% used [0x00000000fdf00000,0x00000000fdf00000,0x0000000100000000)
 ParOldGen       total 177664K, used 70021K [0x00000000e0000000, 0x00000000ead80000, 0x00000000f5580000)
  object space 177664K, 39% used [0x00000000e0000000,0x00000000e44614f8,0x00000000ead80000)
 Metaspace       used 71038K, capacity 73934K, committed 74240K, reserved 1114112K
  class space    used 9364K, capacity 9936K, committed 9984K, reserved 1048576K
GC Heap History (10 events):
Event: 6.974 GC heap before
{Heap before GC invocations=12 (full 3):
 PSYoungGen      total 144896K, used 130560K [0x00000000f5580000, 0x0000000100000000, 0x0000000100000000)
  eden space 130560K, 100% used [0x00000000f5580000,0x00000000fd500000,0x00000000fd500000)
  from space 14336K, 0% used [0x00000000ff200000,0x00000000ff200000,0x0000000100000000)
  to   space 22016K, 0% used [0x00000000fd500000,0x00000000fd500000,0x00000000fea80000)
 ParOldGen       total 177664K, used 38145K [0x00000000e0000000, 0x00000000ead80000, 0x00000000f5580000)
  object space 177664K, 21% used [0x00000000e0000000,0x00000000e2540578,0x00000000ead80000)
 Metaspace       used 62688K, capacity 65346K, committed 65536K, reserved 1105920K
  class space    used 8452K, capacity 8944K, committed 8960K, reserved 1048576K
Event: 6.983 GC heap after
Heap after GC invocations=12 (full 3):
 PSYoungGen      total 152576K, used 14425K [0x00000000f5580000, 0x0000000100000000, 0x0000000100000000)
  eden space 130560K, 0% used [0x00000000f5580000,0x00000000f5580000,0x00000000fd500000)
  from space 22016K, 65% used [0x00000000fd500000,0x00000000fe3164c0,0x00000000fea80000)
  to   space 22016K, 0% used [0x00000000fea80000,0x00000000fea80000,0x0000000100000000)
 ParOldGen       total 177664K, used 38153K [0x00000000e0000000, 0x00000000ead80000, 0x00000000f5580000)
  object space 177664K, 21% used [0x00000000e0000000,0x00000000e2542578,0x00000000ead80000)
 Metaspace       used 62688K, capacity 65346K, committed 65536K, reserved 1105920K
  class space    used 8452K, capacity 8944K, committed 8960K, reserved 1048576K
}
Event: 8.093 GC heap before
{Heap before GC invocations=13 (full 3):
 PSYoungGen      total 152576K, used 144985K [0x00000000f5580000, 0x0000000100000000, 0x0000000100000000)
  eden space 130560K, 100% used [0x00000000f5580000,0x00000000fd500000,0x00000000fd500000)
  from space 22016K, 65% used [0x00000000fd500000,0x00000000fe3164c0,0x00000000fea80000)
  to   space 22016K, 0% used [0x00000000fea80000,0x00000000fea80000,0x0000000100000000)
 ParOldGen       total 177664K, used 38153K [0x00000000e0000000, 0x00000000ead80000, 0x00000000f5580000)
  object space 177664K, 21% used [0x00000000e0000000,0x00000000e2542578,0x00000000ead80000)
 Metaspace       used 64573K, capacity 67402K, committed 67712K, reserved 1107968K
  class space    used 8678K, capacity 9240K, committed 9344K, reserved 1048576K
Event: 8.103 GC heap after
Heap after GC invocations=13 (full 3):
 PSYoungGen      total 148480K, used 20929K [0x00000000f5580000, 0x0000000100000000, 0x0000000100000000)
  eden space 126464K, 0% used [0x00000000f5580000,0x00000000f5580000,0x00000000fd100000)
  from space 22016K, 95% used [0x00000000fea80000,0x00000000ffef05e0,0x0000000100000000)
  to   space 24064K, 0% used [0x00000000fd100000,0x00000000fd100000,0x00000000fe880000)
 ParOldGen       total 177664K, used 38161K [0x00000000e0000000, 0x00000000ead80000, 0x00000000f5580000)
  object space 177664K, 21% used [0x00000000e0000000,0x00000000e2544578,0x00000000ead80000)
 Metaspace       used 64573K, capacity 67402K, committed 67712K, reserved 1107968K
  class space    used 8678K, capacity 9240K, committed 9344K, reserved 1048576K
}
Event: 8.814 GC heap before
{Heap before GC invocations=14 (full 3):
 PSYoungGen      total 148480K, used 147393K [0x00000000f5580000, 0x0000000100000000, 0x0000000100000000)
  eden space 126464K, 100% used [0x00000000f5580000,0x00000000fd100000,0x00000000fd100000)
  from space 22016K, 95% used [0x00000000fea80000,0x00000000ffef05e0,0x0000000100000000)
  to   space 24064K, 0% used [0x00000000fd100000,0x00000000fd100000,0x00000000fe880000)
 ParOldGen       total 177664K, used 38161K [0x00000000e0000000, 0x00000000ead80000, 0x00000000f5580000)
  object space 177664K, 21% used [0x00000000e0000000,0x00000000e2544578,0x00000000ead80000)
 Metaspace       used 66680K, capacity 69544K, committed 69632K, reserved 1110016K
  class space    used 8860K, capacity 9431K, committed 9472K, reserved 1048576K
Event: 8.832 GC heap after
Heap after GC invocations=14 (full 3):
 PSYoungGen      total 150528K, used 24048K [0x00000000f5580000, 0x0000000100000000, 0x0000000100000000)
  eden space 126464K, 0% used [0x00000000f5580000,0x00000000f5580000,0x00000000fd100000)
  from space 24064K, 99% used [0x00000000fd100000,0x00000000fe87c1a0,0x00000000fe880000)
  to   space 24064K, 0% used [0x00000000fe880000,0x00000000fe880000,0x0000000100000000)
 ParOldGen       total 177664K, used 49630K [0x00000000e0000000, 0x00000000ead80000, 0x00000000f5580000)
  object space 177664K, 27% used [0x00000000e0000000,0x00000000e30778d8,0x00000000ead80000)
 Metaspace       used 66680K, capacity 69544K, committed 69632K, reserved 1110016K
  class space    used 8860K, capacity 9431K, committed 9472K, reserved 1048576K
}
Event: 9.604 GC heap before
{Heap before GC invocations=15 (full 3):
 PSYoungGen      total 150528K, used 150512K [0x00000000f5580000, 0x0000000100000000, 0x0000000100000000)
  eden space 126464K, 100% used [0x00000000f5580000,0x00000000fd100000,0x00000000fd100000)
  from space 24064K, 99% used [0x00000000fd100000,0x00000000fe87c1a0,0x00000000fe880000)
  to   space 24064K, 0% used [0x00000000fe880000,0x00000000fe880000,0x0000000100000000)
 ParOldGen       total 177664K, used 49630K [0x00000000e0000000, 0x00000000ead80000, 0x00000000f5580000)
  object space 177664K, 27% used [0x00000000e0000000,0x00000000e30778d8,0x00000000ead80000)
 Metaspace       used 69968K, capacity 72824K, committed 73088K, reserved 1112064K
  class space    used 9225K, capacity 9793K, committed 9856K, reserved 1048576K
Event: 9.615 GC heap after
Heap after GC invocations=15 (full 3):
 PSYoungGen      total 128000K, used 24050K [0x00000000f5580000, 0x0000000100000000, 0x0000000100000000)
  eden space 103936K, 0% used [0x00000000f5580000,0x00000000f5580000,0x00000000fbb00000)
  from space 24064K, 99% used [0x00000000fe880000,0x00000000ffffca60,0x0000000100000000)
  to   space 35328K, 0% used [0x00000000fbb00000,0x00000000fbb00000,0x00000000fdd80000)
 ParOldGen       total 177664K, used 56093K [0x00000000e0000000, 0x00000000ead80000, 0x00000000f5580000)
  object space 177664K, 31% used [0x00000000e0000000,0x00000000e36c74b0,0x00000000ead80000)
 Metaspace       used 69968K, capacity 72824K, committed 73088K, reserved 1112064K
  class space    used 9225K, capacity 9793K, committed 9856K, reserved 1048576K
}
Event: 10.286 GC heap before
{Heap before GC invocations=16 (full 3):
 PSYoungGen      total 128000K, used 127986K [0x00000000f5580000, 0x0000000100000000, 0x0000000100000000)
  eden space 103936K, 100% used [0x00000000f5580000,0x00000000fbb00000,0x00000000fbb00000)
  from space 24064K, 99% used [0x00000000fe880000,0x00000000ffffca60,0x0000000100000000)
  to   space 35328K, 0% used [0x00000000fbb00000,0x00000000fbb00000,0x00000000fdd80000)
 ParOldGen       total 177664K, used 56093K [0x00000000e0000000, 0x00000000ead80000, 0x00000000f5580000)
  object space 177664K, 31% used [0x00000000e0000000,0x00000000e36c74b0,0x00000000ead80000)
 Metaspace       used 71029K, capacity 73934K, committed 74240K, reserved 1114112K
  class space    used 9362K, capacity 9936K, committed 9984K, reserved 1048576K
Event: 10.309 GC heap after
Heap after GC invocations=16 (full 3):
 PSYoungGen      total 139264K, used 15412K [0x00000000f5580000, 0x0000000100000000, 0x0000000100000000)
  eden space 103936K, 0% used [0x00000000f5580000,0x00000000f5580000,0x00000000fbb00000)
  from space 35328K, 43% used [0x00000000fbb00000,0x00000000fca0d3c8,0x00000000fdd80000)
  to   space 33792K, 0% used [0x00000000fdf00000,0x00000000fdf00000,0x0000000100000000)
 ParOldGen       total 177664K, used 70021K [0x00000000e0000000, 0x00000000ead80000, 0x00000000f5580000)
  object space 177664K, 39% used [0x00000000e0000000,0x00000000e44614f8,0x00000000ead80000)
 Metaspace       used 71029K, capacity 73934K, committed 74240K, reserved 1114112K
  class space    used 9362K, capacity 9936K, committed 9984K, reserved 1048576K
}

