# JRE version: OpenJDK Runtime Environment (8.0_202-b03) (build 1.8.0_202-release-1483-b03)
# Java VM: OpenJDK 64-Bit Server VM (25.202-b03 mixed mode windows-amd64 compressed oops)
Heap:
 PSYoungGen      total 116736K, used 45392K [0x00000000f5580000, 0x0000000100000000, 0x0000000100000000)
  eden space 58880K, 38% used [0x00000000f5580000,0x00000000f6baafe0,0x00000000f8f00000)
  from space 57856K, 39% used [0x00000000f8f00000,0x00000000fa529398,0x00000000fc780000)
  to   space 57856K, 0% used [0x00000000fc780000,0x00000000fc780000,0x0000000100000000)
 ParOldGen       total 337408K, used 219148K [0x00000000e0000000, 0x00000000f4980000, 0x00000000f5580000)
  object space 337408K, 64% used [0x00000000e0000000,0x00000000ed603178,0x00000000f4980000)
 Metaspace       used 134257K, capacity 140572K, committed 141076K, reserved 1171456K
  class space    used 16846K, capacity 17964K, committed 18236K, reserved 1048576K
GC Heap History (10 events):
Event: 11052.563 GC heap before
{Heap before GC invocations=68 (full 5):
 PSYoungGen      total 130560K, used 94568K [0x00000000f5580000, 0x00000000ffd00000, 0x0000000100000000)
  eden space 92672K, 100% used [0x00000000f5580000,0x00000000fb000000,0x00000000fb000000)
  from space 37888K, 5% used [0x00000000fd800000,0x00000000fd9da2f0,0x00000000ffd00000)
  to   space 39424K, 0% used [0x00000000fb000000,0x00000000fb000000,0x00000000fd680000)
 ParOldGen       total 337408K, used 136903K [0x00000000e0000000, 0x00000000f4980000, 0x00000000f5580000)
  object space 337408K, 40% used [0x00000000e0000000,0x00000000e85b1fe8,0x00000000f4980000)
 Metaspace       used 134076K, capacity 140364K, committed 140820K, reserved 1171456K
  class space    used 16842K, capacity 17964K, committed 18236K, reserved 1048576K
Event: 11052.569 GC heap after
Heap after GC invocations=68 (full 5):
 PSYoungGen      total 132096K, used 2336K [0x00000000f5580000, 0x00000000ffe80000, 0x0000000100000000)
  eden space 92672K, 0% used [0x00000000f5580000,0x00000000f5580000,0x00000000fb000000)
  from space 39424K, 5% used [0x00000000fb000000,0x00000000fb248000,0x00000000fd680000)
  to   space 37888K, 0% used [0x00000000fd980000,0x00000000fd980000,0x00000000ffe80000)
 ParOldGen       total 337408K, used 138595K [0x00000000e0000000, 0x00000000f4980000, 0x00000000f5580000)
  object space 337408K, 41% used [0x00000000e0000000,0x00000000e8758d40,0x00000000f4980000)
 Metaspace       used 134076K, capacity 140364K, committed 140820K, reserved 1171456K
  class space    used 16842K, capacity 17964K, committed 18236K, reserved 1048576K
}
Event: 11052.957 GC heap before
{Heap before GC invocations=69 (full 5):
 PSYoungGen      total 132096K, used 95008K [0x00000000f5580000, 0x00000000ffe80000, 0x0000000100000000)
  eden space 92672K, 100% used [0x00000000f5580000,0x00000000fb000000,0x00000000fb000000)
  from space 39424K, 5% used [0x00000000fb000000,0x00000000fb248000,0x00000000fd680000)
  to   space 37888K, 0% used [0x00000000fd980000,0x00000000fd980000,0x00000000ffe80000)
 ParOldGen       total 337408K, used 138595K [0x00000000e0000000, 0x00000000f4980000, 0x00000000f5580000)
  object space 337408K, 41% used [0x00000000e0000000,0x00000000e8758d40,0x00000000f4980000)
 Metaspace       used 134093K, capacity 140428K, committed 140820K, reserved 1171456K
  class space    used 16843K, capacity 17964K, committed 18236K, reserved 1048576K
Event: 11052.964 GC heap after
Heap after GC invocations=69 (full 5):
 PSYoungGen      total 133120K, used 1696K [0x00000000f5580000, 0x00000000ffc80000, 0x0000000100000000)
  eden space 97280K, 0% used [0x00000000f5580000,0x00000000f5580000,0x00000000fb480000)
  from space 35840K, 4% used [0x00000000fd980000,0x00000000fdb28000,0x00000000ffc80000)
  to   space 36864K, 0% used [0x00000000fb480000,0x00000000fb480000,0x00000000fd880000)
 ParOldGen       total 337408K, used 140747K [0x00000000e0000000, 0x00000000f4980000, 0x00000000f5580000)
  object space 337408K, 41% used [0x00000000e0000000,0x00000000e8972d40,0x00000000f4980000)
 Metaspace       used 134093K, capacity 140428K, committed 140820K, reserved 1171456K
  class space    used 16843K, capacity 17964K, committed 18236K, reserved 1048576K
}
Event: 11053.632 GC heap before
{Heap before GC invocations=70 (full 5):
 PSYoungGen      total 133120K, used 98976K [0x00000000f5580000, 0x00000000ffc80000, 0x0000000100000000)
  eden space 97280K, 100% used [0x00000000f5580000,0x00000000fb480000,0x00000000fb480000)
  from space 35840K, 4% used [0x00000000fd980000,0x00000000fdb28000,0x00000000ffc80000)
  to   space 36864K, 0% used [0x00000000fb480000,0x00000000fb480000,0x00000000fd880000)
 ParOldGen       total 337408K, used 140747K [0x00000000e0000000, 0x00000000f4980000, 0x00000000f5580000)
  object space 337408K, 41% used [0x00000000e0000000,0x00000000e8972d40,0x00000000f4980000)
 Metaspace       used 134136K, capacity 140436K, committed 140820K, reserved 1171456K
  class space    used 16843K, capacity 17964K, committed 18236K, reserved 1048576K
Event: 11053.639 GC heap after
Heap after GC invocations=70 (full 5):
 PSYoungGen      total 125440K, used 28061K [0x00000000f5580000, 0x0000000100000000, 0x0000000100000000)
  eden space 97280K, 0% used [0x00000000f5580000,0x00000000f5580000,0x00000000fb480000)
  from space 28160K, 99% used [0x00000000fb480000,0x00000000fcfe7558,0x00000000fd000000)
  to   space 40960K, 0% used [0x00000000fd800000,0x00000000fd800000,0x0000000100000000)
 ParOldGen       total 337408K, used 141987K [0x00000000e0000000, 0x00000000f4980000, 0x00000000f5580000)
  object space 337408K, 42% used [0x00000000e0000000,0x00000000e8aa8d40,0x00000000f4980000)
 Metaspace       used 134136K, capacity 140436K, committed 140820K, reserved 1171456K
  class space    used 16843K, capacity 17964K, committed 18236K, reserved 1048576K
}
Event: 11053.954 GC heap before
{Heap before GC invocations=71 (full 5):
 PSYoungGen      total 125440K, used 125341K [0x00000000f5580000, 0x0000000100000000, 0x0000000100000000)
  eden space 97280K, 100% used [0x00000000f5580000,0x00000000fb480000,0x00000000fb480000)
  from space 28160K, 99% used [0x00000000fb480000,0x00000000fcfe7558,0x00000000fd000000)
  to   space 40960K, 0% used [0x00000000fd800000,0x00000000fd800000,0x0000000100000000)
 ParOldGen       total 337408K, used 141987K [0x00000000e0000000, 0x00000000f4980000, 0x00000000f5580000)
  object space 337408K, 42% used [0x00000000e0000000,0x00000000e8aa8d40,0x00000000f4980000)
 Metaspace       used 134182K, capacity 140508K, committed 140820K, reserved 1171456K
  class space    used 16843K, capacity 17964K, committed 18236K, reserved 1048576K
Event: 11053.995 GC heap after
Heap after GC invocations=71 (full 5):
 PSYoungGen      total 99840K, used 40932K [0x00000000f5580000, 0x0000000100000000, 0x0000000100000000)
  eden space 58880K, 0% used [0x00000000f5580000,0x00000000f5580000,0x00000000f8f00000)
  from space 40960K, 99% used [0x00000000fd800000,0x00000000ffff9330,0x0000000100000000)
  to   space 57856K, 0% used [0x00000000f8f00000,0x00000000f8f00000,0x00000000fc780000)
 ParOldGen       total 337408K, used 178460K [0x00000000e0000000, 0x00000000f4980000, 0x00000000f5580000)
  object space 337408K, 52% used [0x00000000e0000000,0x00000000eae471a8,0x00000000f4980000)
 Metaspace       used 134182K, capacity 140508K, committed 140820K, reserved 1171456K
  class space    used 16843K, capacity 17964K, committed 18236K, reserved 1048576K
}
Event: 11054.412 GC heap before
{Heap before GC invocations=72 (full 5):
 PSYoungGen      total 99840K, used 99812K [0x00000000f5580000, 0x0000000100000000, 0x0000000100000000)
  eden space 58880K, 100% used [0x00000000f5580000,0x00000000f8f00000,0x00000000f8f00000)
  from space 40960K, 99% used [0x00000000fd800000,0x00000000ffff9330,0x0000000100000000)
  to   space 57856K, 0% used [0x00000000f8f00000,0x00000000f8f00000,0x00000000fc780000)
 ParOldGen       total 337408K, used 178460K [0x00000000e0000000, 0x00000000f4980000, 0x00000000f5580000)
  object space 337408K, 52% used [0x00000000e0000000,0x00000000eae471a8,0x00000000f4980000)
 Metaspace       used 134241K, capacity 140572K, committed 141076K, reserved 1171456K
  class space    used 16846K, capacity 17964K, committed 18236K, reserved 1048576K
Event: 11054.453 GC heap after
Heap after GC invocations=72 (full 5):
 PSYoungGen      total 116736K, used 22692K [0x00000000f5580000, 0x0000000100000000, 0x0000000100000000)
  eden space 58880K, 0% used [0x00000000f5580000,0x00000000f5580000,0x00000000f8f00000)
  from space 57856K, 39% used [0x00000000f8f00000,0x00000000fa529398,0x00000000fc780000)
  to   space 57856K, 0% used [0x00000000fc780000,0x00000000fc780000,0x0000000100000000)
 ParOldGen       total 337408K, used 219148K [0x00000000e0000000, 0x00000000f4980000, 0x00000000f5580000)
  object space 337408K, 64% used [0x00000000e0000000,0x00000000ed603178,0x00000000f4980000)
 Metaspace       used 134241K, capacity 140572K, committed 141076K, reserved 1171456K
  class space    used 16846K, capacity 17964K, committed 18236K, reserved 1048576K
}

